<?xml version="1.0" encoding="UTF-8"?>
<testng-results ignored="0" total="1" passed="1" failed="0" skipped="0">
  <reporter-output>
  </reporter-output>
  <suite started-at="2019-06-18T12:07:43Z" name="Suite" finished-at="2019-06-18T12:07:46Z" duration-ms="2286">
    <groups>
    </groups>
    <test started-at="2019-06-18T12:07:43Z" name="Test" finished-at="2019-06-18T12:07:46Z" duration-ms="2286">
      <class name="com.restapi.realTime.TwitterAPI">
        <test-method signature="getLatestTweet()[pri:0, instance:com.restapi.realTime.TwitterAPI@22555ebf]" started-at="2019-06-18T17:52:43Z" name="getLatestTweet" finished-at="2019-06-18T17:52:46Z" duration-ms="2268" status="PASS">
          <reporter-output>
          </reporter-output>
        </test-method> <!-- getLatestTweet -->
      </class> <!-- com.restapi.realTime.TwitterAPI -->
    </test> <!-- Test -->
  </suite> <!-- Suite -->
</testng-results>
